<?xml version="1.0" encoding="UTF-8"?>
<!-- Generated by org.testng.reporters.JUnitReportReporter -->
<testsuite hostname="DESKTOP-5B2A0L0" failures="0" tests="1" name="implementation.A_Flipkarttest" time="108.792" errors="0" timestamp="2023-02-05T20:29:57 IST" skipped="0">
  <testcase classname="implementation.A_Flipkarttest" name="AFlipkarttest" time="108.792"/>
  <system-out/>
</testsuite> <!-- implementation.A_Flipkarttest -->
