<?xml version="1.0" encoding="UTF-8"?>
<!-- Generated by org.testng.reporters.JUnitReportReporter -->
<testsuite hostname="DESKTOP-5B2A0L0" failures="0" tests="2" name="implementation.B_LogOut" time="108.594" errors="0" timestamp="2023-02-05T21:28:49 IST" skipped="0">
  <testcase classname="implementation.B_LogOut" name="BLogOut" time="0.578"/>
  <system-out/>
  <testcase classname="implementation.B_LogOut" name="AFlipkarttest" time="108.016"/>
  <system-out/>
</testsuite> <!-- implementation.B_LogOut -->
